<?xml version="1.0" encoding="UTF-8"?>
<!-- Generated by org.testng.reporters.JUnitXMLReporter -->
<testsuite hostname="DESKTOP-2T00449" name="Title Validation" tests="19" failures="9" timestamp="22 Dec 2016 06:09:14 GMT" time="77.667" errors="0">
  <testcase name="titleValidation" time="1.233" classname="core.DBTest"/>
  <testcase name="titleValidation" time="0.945" classname="core.DBTest"/>
  <testcase name="titleValidation" time="0.757" classname="core.DBTest">
    <failure type="java.lang.AssertionError" message="
Expected: is &amp;quot;www.alegro.net&amp;quot;
     but: was &amp;quot;&amp;quot;">
      <![CDATA[java.lang.AssertionError: 
Expected: is "www.alegro.net"
     but: was ""
	at org.hamcrest.MatcherAssert.assertThat(MatcherAssert.java:20)
	at org.hamcrest.MatcherAssert.assertThat(MatcherAssert.java:8)
	at core.DBTest.titleValidation(DBTest.java:35)
... Removed 24 stack frames]]>
    </failure>
  </testcase> <!-- titleValidation -->
  <testcase name="titleValidation" time="0.322" classname="core.DBTest"/>
  <testcase name="titleValidation" time="3.391" classname="core.DBTest">
    <failure type="java.lang.AssertionError" message="
Expected: is &amp;quot;Electronics&amp;quot;
     but: was &amp;quot;Electronics, Cars, Fashion, Collectibles, Coupons and More | eBay&amp;quot;">
      <![CDATA[java.lang.AssertionError: 
Expected: is "Electronics"
     but: was "Electronics, Cars, Fashion, Collectibles, Coupons and More | eBay"
	at org.hamcrest.MatcherAssert.assertThat(MatcherAssert.java:20)
	at org.hamcrest.MatcherAssert.assertThat(MatcherAssert.java:8)
	at core.DBTest.titleValidation(DBTest.java:35)
... Removed 24 stack frames]]>
    </failure>
  </testcase> <!-- titleValidation -->
  <testcase name="titleValidation" time="1.679" classname="core.DBTest"/>
  <testcase name="titleValidation" time="1.157" classname="core.DBTest">
    <failure type="java.lang.AssertionError" message="
Expected: is &amp;quot;W3Schools Online Web Tutorial &amp;quot;
     but: was &amp;quot;W3Schools Online Web Tutorials&amp;quot;">
      <![CDATA[java.lang.AssertionError: 
Expected: is "W3Schools Online Web Tutorial "
     but: was "W3Schools Online Web Tutorials"
	at org.hamcrest.MatcherAssert.assertThat(MatcherAssert.java:20)
	at org.hamcrest.MatcherAssert.assertThat(MatcherAssert.java:8)
	at core.DBTest.titleValidation(DBTest.java:35)
... Removed 24 stack frames]]>
    </failure>
  </testcase> <!-- titleValidation -->
  <testcase name="titleValidation" time="1.254" classname="core.DBTest"/>
  <testcase name="titleValidation" time="1.06" classname="core.DBTest">
    <failure type="java.lang.AssertionError" message="
Expected: is &amp;quot;Google1&amp;quot;
     but: was &amp;quot;Google&amp;quot;">
      <![CDATA[java.lang.AssertionError: 
Expected: is "Google1"
     but: was "Google"
	at org.hamcrest.MatcherAssert.assertThat(MatcherAssert.java:20)
	at org.hamcrest.MatcherAssert.assertThat(MatcherAssert.java:8)
	at core.DBTest.titleValidation(DBTest.java:35)
... Removed 24 stack frames]]>
    </failure>
  </testcase> <!-- titleValidation -->
  <testcase name="titleValidation" time="7.401" classname="core.DBTest"/>
  <testcase name="titleValidation" time="12.364" classname="core.DBTest">
    <failure type="java.lang.AssertionError" message="
Expected: is &amp;quot;Yaho&amp;quot;
     but: was &amp;quot;Yahoo&amp;quot;">
      <![CDATA[java.lang.AssertionError: 
Expected: is "Yaho"
     but: was "Yahoo"
	at org.hamcrest.MatcherAssert.assertThat(MatcherAssert.java:20)
	at org.hamcrest.MatcherAssert.assertThat(MatcherAssert.java:8)
	at core.DBTest.titleValidation(DBTest.java:35)
... Removed 24 stack frames]]>
    </failure>
  </testcase> <!-- titleValidation -->
  <testcase name="titleValidation" time="2.994" classname="core.DBTest"/>
  <testcase name="titleValidation" time="2.542" classname="core.DBTest">
    <failure type="java.lang.AssertionError" message="
Expected: is &amp;quot;Kirkwood Mountain | Rare Earth | kirkwood.co&amp;quot;
     but: was &amp;quot;Kirkwood Mountain | Rare Earth | kirkwood.com&amp;quot;">
      <![CDATA[java.lang.AssertionError: 
Expected: is "Kirkwood Mountain | Rare Earth | kirkwood.co"
     but: was "Kirkwood Mountain | Rare Earth | kirkwood.com"
	at org.hamcrest.MatcherAssert.assertThat(MatcherAssert.java:20)
	at org.hamcrest.MatcherAssert.assertThat(MatcherAssert.java:8)
	at core.DBTest.titleValidation(DBTest.java:35)
... Removed 24 stack frames]]>
    </failure>
  </testcase> <!-- titleValidation -->
  <testcase name="titleValidation" time="2.243" classname="core.DBTest"/>
  <testcase name="titleValidation" time="0.893" classname="core.DBTest">
    <failure type="java.lang.AssertionError" message="
Expected: is &amp;quot;Stack Overflo&amp;quot;
     but: was &amp;quot;Stack Overflow&amp;quot;">
      <![CDATA[java.lang.AssertionError: 
Expected: is "Stack Overflo"
     but: was "Stack Overflow"
	at org.hamcrest.MatcherAssert.assertThat(MatcherAssert.java:20)
	at org.hamcrest.MatcherAssert.assertThat(MatcherAssert.java:8)
	at core.DBTest.titleValidation(DBTest.java:35)
... Removed 24 stack frames]]>
    </failure>
  </testcase> <!-- titleValidation -->
  <testcase name="titleValidation" time="11.319" classname="core.DBTest"/>
  <testcase name="titleValidation" time="9.164" classname="core.DBTest">
    <failure type="java.lang.AssertionError" message="
Expected: is &amp;quot;Speedtest.net by Ookla - The Global Broadband Speed Tes&amp;quot;
     but: was &amp;quot;Speedtest.net by Ookla - The Global Broadband Speed Test&amp;quot;">
      <![CDATA[java.lang.AssertionError: 
Expected: is "Speedtest.net by Ookla - The Global Broadband Speed Tes"
     but: was "Speedtest.net by Ookla - The Global Broadband Speed Test"
	at org.hamcrest.MatcherAssert.assertThat(MatcherAssert.java:20)
	at org.hamcrest.MatcherAssert.assertThat(MatcherAssert.java:8)
	at core.DBTest.titleValidation(DBTest.java:35)
... Removed 23 stack frames]]>
    </failure>
  </testcase> <!-- titleValidation -->
  <testcase name="titleValidation" time="3.984" classname="core.DBTest"/>
  <testcase name="titleValidation" time="3.134" classname="core.DBTest">
    <failure type="java.lang.AssertionError" message="
Expected: is &amp;quot;Copart USA - Leader in Online Salvage &amp;amp; Insurance Auto Auction&amp;quot;
     but: was &amp;quot;Copart USA - Leader in Online Salvage &amp;amp; Insurance Auto Auctions&amp;quot;">
      <![CDATA[java.lang.AssertionError: 
Expected: is "Copart USA - Leader in Online Salvage & Insurance Auto Auction"
     but: was "Copart USA - Leader in Online Salvage & Insurance Auto Auctions"
	at org.hamcrest.MatcherAssert.assertThat(MatcherAssert.java:20)
	at org.hamcrest.MatcherAssert.assertThat(MatcherAssert.java:8)
	at core.DBTest.titleValidation(DBTest.java:35)
... Removed 23 stack frames]]>
    </failure>
  </testcase> <!-- titleValidation -->
</testsuite> <!-- Title Validation -->
