<?xml version="1.0" encoding="UTF-8"?>
<testsuite xmlns:xsi="http://www.w3.org/2001/XMLSchema-instance" xsi:schemaLocation="https://maven.apache.org/surefire/maven-surefire-plugin/xsd/surefire-test-report.xsd" name="TestSuite" time="74.887" tests="19" errors="0" skipped="0" failures="10">
  <properties>
[...]
</properties>
  <testcase name="titleValidation" classname="core.DBTest" time="0.813"/>
  <testcase name="titleValidation" classname="core.DBTest" time="0.746"/>
  <testcase name="titleValidation" classname="core.DBTest" time="0.706">
    <failure message="&#10;Expected: is &quot;www.alegro.net&quot;&#10;     but: was &quot;&quot;" type="java.lang.AssertionError">java.lang.AssertionError: 

Expected: is "www.alegro.net"
     but: was ""
	at core.DBTest.titleValidation(DBTest.java:35)
</failure>
  </testcase>
  <testcase name="titleValidation" classname="core.DBTest" time="5.107">
    <failure message="&#10;Expected: is &quot;learn2test.net&quot;&#10;     but: was &quot;Back Pain Management Guide | Everyday Health&quot;" type="java.lang.AssertionError">java.lang.AssertionError: 

Expected: is "learn2test.net"
     but: was "Back Pain Management Guide | Everyday Health"
	at core.DBTest.titleValidation(DBTest.java:35)
</failure>
  </testcase>
  <testcase name="titleValidation" classname="core.DBTest" time="3.189">
    <failure message="&#10;Expected: is &quot;Electronics&quot;&#10;     but: was &quot;Electronics, Cars, Fashion, Collectibles, Coupons and More | eBay&quot;" type="java.lang.AssertionError">java.lang.AssertionError: 

Expected: is "Electronics"
     but: was "Electronics, Cars, Fashion, Collectibles, Coupons and More | eBay"
	at core.DBTest.titleValidation(DBTest.java:35)
</failure>
  </testcase>
  <testcase name="titleValidation" classname="core.DBTest" time="1.598"/>
  <testcase name="titleValidation" classname="core.DBTest" time="1.054">
    <failure message="&#10;Expected: is &quot;W3Schools Online Web Tutorial &quot;&#10;     but: was &quot;W3Schools Online Web Tutorials&quot;" type="java.lang.AssertionError">java.lang.AssertionError: 

Expected: is "W3Schools Online Web Tutorial "
     but: was "W3Schools Online Web Tutorials"
	at core.DBTest.titleValidation(DBTest.java:35)
</failure>
  </testcase>
  <testcase name="titleValidation" classname="core.DBTest" time="1.437"/>
  <testcase name="titleValidation" classname="core.DBTest" time="1.213">
    <failure message="&#10;Expected: is &quot;Google1&quot;&#10;     but: was &quot;Google&quot;" type="java.lang.AssertionError">java.lang.AssertionError: 

Expected: is "Google1"
     but: was "Google"
	at core.DBTest.titleValidation(DBTest.java:35)
</failure>
  </testcase>
  <testcase name="titleValidation" classname="core.DBTest" time="7.098"/>
  <testcase name="titleValidation" classname="core.DBTest" time="11.579">
    <failure message="&#10;Expected: is &quot;Yaho&quot;&#10;     but: was &quot;Yahoo&quot;" type="java.lang.AssertionError">java.lang.AssertionError: 

Expected: is "Yaho"
     but: was "Yahoo"
	at core.DBTest.titleValidation(DBTest.java:35)
</failure>
  </testcase>
  <testcase name="titleValidation" classname="core.DBTest" time="2.802"/>
  <testcase name="titleValidation" classname="core.DBTest" time="1.372">
    <failure message="&#10;Expected: is &quot;Kirkwood Mountain | Rare Earth | kirkwood.co&quot;&#10;     but: was &quot;Kirkwood Mountain | Rare Earth | kirkwood.com&quot;" type="java.lang.AssertionError">java.lang.AssertionError: 

Expected: is "Kirkwood Mountain | Rare Earth | kirkwood.co"
     but: was "Kirkwood Mountain | Rare Earth | kirkwood.com"
	at core.DBTest.titleValidation(DBTest.java:35)
</failure>
  </testcase>
  <testcase name="titleValidation" classname="core.DBTest" time="1.967"/>
  <testcase name="titleValidation" classname="core.DBTest" time="0.725">
    <failure message="&#10;Expected: is &quot;Stack Overflo&quot;&#10;     but: was &quot;Stack Overflow&quot;" type="java.lang.AssertionError">java.lang.AssertionError: 

Expected: is "Stack Overflo"
     but: was "Stack Overflow"
	at core.DBTest.titleValidation(DBTest.java:35)
</failure>
  </testcase>
  <testcase name="titleValidation" classname="core.DBTest" time="7.694"/>
  <testcase name="titleValidation" classname="core.DBTest" time="8.783">
    <failure message="&#10;Expected: is &quot;Speedtest.net by Ookla - The Global Broadband Speed Tes&quot;&#10;     but: was &quot;Speedtest.net by Ookla - The Global Broadband Speed Test&quot;" type="java.lang.AssertionError">java.lang.AssertionError: 

Expected: is "Speedtest.net by Ookla - The Global Broadband Speed Tes"
     but: was "Speedtest.net by Ookla - The Global Broadband Speed Test"
	at core.DBTest.titleValidation(DBTest.java:35)
</failure>
  </testcase>
  <testcase name="titleValidation" classname="core.DBTest" time="3.827"/>
  <testcase name="titleValidation" classname="core.DBTest" time="2.862">
    <failure message="&#10;Expected: is &quot;Copart USA - Leader in Online Salvage &amp; Insurance Auto Auction&quot;&#10;     but: was &quot;Copart USA - Leader in Online Salvage &amp; Insurance Auto Auctions&quot;" type="java.lang.AssertionError"><![CDATA[java.lang.AssertionError: 

Expected: is "Copart USA - Leader in Online Salvage & Insurance Auto Auction"
     but: was "Copart USA - Leader in Online Salvage & Insurance Auto Auctions"
	at core.DBTest.titleValidation(DBTest.java:35)
]]></failure>
  </testcase>
</testsuite>